<?xml version="1.0" encoding="UTF-8"?>
<!-- Generated by org.testng.reporters.JUnitReportReporter -->
<testsuite hostname="LAPTOP-GAUPM6CM" failures="0" tests="1" name="testscripts.regression.ValidateLoginUsingDataProviderExcel" time="6.518" errors="0" timestamp="2024-04-20T10:46:53 IST" skipped="0">
  <testcase classname="testscripts.regression.ValidateLoginUsingDataProviderExcel" name="validateLoginTest" time="6.518"/>
</testsuite> <!-- testscripts.regression.ValidateLoginUsingDataProviderExcel -->
