<?xml version="1.0" encoding="UTF-8"?>
<!-- Generated by org.testng.reporters.JUnitReportReporter -->
<testsuite hostname="LAPTOP-GAUPM6CM" failures="0" tests="1" name="testscripts.regression.ValidateSelectHotelUsingPOMDataProvider" time="44.751" errors="0" timestamp="2024-04-30T10:06:18 IST" skipped="0">
  <testcase classname="testscripts.regression.ValidateSelectHotelUsingPOMDataProvider" name="validateLoginTest" time="44.751"/>
</testsuite> <!-- testscripts.regression.ValidateSelectHotelUsingPOMDataProvider -->
