<?xml version="1.0" encoding="UTF-8"?>
<!-- Generated by org.testng.reporters.JUnitReportReporter -->
<testsuite hostname="LAPTOP-GAUPM6CM" failures="0" tests="4" name="testscripts.regression.ValidateLogin2" time="19.853" errors="0" timestamp="2024-04-20T10:06:21 IST" skipped="0">
  <testcase classname="testscripts.regression.ValidateLogin2" name="validateLoginTest2" time="4.573"/>
  <testcase classname="testscripts.regression.ValidateLogin2" name="validateLoginTest4" time="5.746"/>
  <testcase classname="testscripts.regression.ValidateLogin2" name="validateLoginTest1" time="4.873"/>
  <testcase classname="testscripts.regression.ValidateLogin2" name="validateLoginTest3" time="4.661"/>
</testsuite> <!-- testscripts.regression.ValidateLogin2 -->
