<?xml version="1.0" encoding="UTF-8"?>
<!-- Generated by org.testng.reporters.JUnitReportReporter -->
<testsuite hostname="LAPTOP-GAUPM6CM" failures="0" tests="1" name="testscripts.regression.ValidateLoginUsingKeywords" time="7.057" errors="0" timestamp="2024-04-22T10:36:13 IST" skipped="0">
  <testcase classname="testscripts.regression.ValidateLoginUsingKeywords" name="validateLogin" time="7.057"/>
</testsuite> <!-- testscripts.regression.ValidateLoginUsingKeywords -->
