<?xml version="1.0" encoding="UTF-8"?>
<!-- Generated by org.testng.reporters.JUnitReportReporter -->
<testsuite hostname="LAPTOP-GAUPM6CM" failures="0" tests="1" name="testscripts.regression.ValidateSelectHotelUsingPOM" time="11.095" errors="0" timestamp="2024-04-23T10:27:02 IST" skipped="0">
  <testcase classname="testscripts.regression.ValidateSelectHotelUsingPOM" name="validateLoginTest" time="11.095"/>
</testsuite> <!-- testscripts.regression.ValidateSelectHotelUsingPOM -->
