<?xml version="1.0" encoding="UTF-8"?>
<!-- Generated by org.testng.reporters.JUnitReportReporter -->
<testsuite hostname="LAPTOP-GAUPM6CM" failures="0" tests="1" name="testscripts.regression.ValidateSelectHotelUsingPOMDataProvider" time="42.365" errors="0" timestamp="2024-04-24T10:41:02 IST" skipped="0">
  <testcase classname="testscripts.regression.ValidateSelectHotelUsingPOMDataProvider" name="validateLoginTest" time="42.365"/>
</testsuite> <!-- testscripts.regression.ValidateSelectHotelUsingPOMDataProvider -->
