<?xml version="1.0" encoding="UTF-8"?>
<!-- Generated by org.testng.reporters.JUnitReportReporter -->
<testsuite hostname="LAPTOP-GAUPM6CM" failures="0" tests="4" name="testscripts.regression.ValidateLoginUsingDataProvider" time="20.535" errors="0" timestamp="2024-04-20T10:17:57 IST" skipped="0">
  <testcase classname="testscripts.regression.ValidateLoginUsingDataProvider" name="validateLoginTest" time="6.538"/>
  <testcase classname="testscripts.regression.ValidateLoginUsingDataProvider" name="validateLoginTest" time="4.570"/>
  <testcase classname="testscripts.regression.ValidateLoginUsingDataProvider" name="validateLoginTest" time="4.205"/>
  <testcase classname="testscripts.regression.ValidateLoginUsingDataProvider" name="validateLoginTest" time="5.222"/>
</testsuite> <!-- testscripts.regression.ValidateLoginUsingDataProvider -->
