<?xml version="1.0" encoding="UTF-8"?>
<!-- Generated by org.testng.reporters.JUnitReportReporter -->
<testsuite hostname="LAPTOP-GAUPM6CM" failures="0" tests="1" name="testscripts.regression.ValidateLoginUsingDataProviderExcel2" time="5.759" errors="0" timestamp="2024-04-20T10:51:39 IST" skipped="0">
  <testcase classname="testscripts.regression.ValidateLoginUsingDataProviderExcel2" name="validateLoginTest" time="5.759"/>
</testsuite> <!-- testscripts.regression.ValidateLoginUsingDataProviderExcel2 -->
