<?xml version="1.0" encoding="UTF-8"?>
<!-- Generated by org.testng.reporters.JUnitReportReporter -->
<testsuite hostname="LAPTOP-GAUPM6CM" failures="0" tests="1" name="testscripts.regression.ValidateLoginUsingPOM" time="6.274" errors="0" timestamp="2024-04-23T10:12:09 IST" skipped="0">
  <testcase classname="testscripts.regression.ValidateLoginUsingPOM" name="validateLoginTest" time="6.274"/>
</testsuite> <!-- testscripts.regression.ValidateLoginUsingPOM -->
