<?xml version="1.0" encoding="UTF-8"?>
<!-- Generated by org.testng.reporters.JUnitReportReporter -->
<testsuite hostname="LAPTOP-GAUPM6CM" failures="0" tests="1" name="testscripts.regression.ValidateLogin" time="10.873" errors="0" timestamp="2024-04-25T09:53:10 IST" skipped="0">
  <testcase classname="testscripts.regression.ValidateLogin" name="validateLoginTest" time="10.873"/>
</testsuite> <!-- testscripts.regression.ValidateLogin -->
